<?xml version="1.0" encoding="UTF-8"?>
<!-- Generated by org.testng.reporters.JUnitReportReporter -->
<testsuite skipped="0" hostname="DESKTOP-F5BRIJ9" name="com.test.CombinationTest" tests="1" failures="0" timestamp="10 Dec 2022 08:37:31 GMT" time="23.504" errors="0">
  <testcase name="RunCode" time="23.504" classname="com.test.CombinationTest"/>
</testsuite> <!-- com.test.CombinationTest -->
