<?xml version="1.0" encoding="UTF-8"?>
<!-- Generated by org.testng.reporters.JUnitReportReporter -->
<testsuite skipped="0" hostname="DESKTOP-F5BRIJ9" name="com.AutomationDemo.Register" tests="1" failures="0" timestamp="02 Dec 2022 15:37:20 GMT" time="23.386" errors="0">
  <testcase name="registerUsered" time="23.386" classname="com.AutomationDemo.Register"/>
</testsuite> <!-- com.AutomationDemo.Register -->
