<?xml version="1.0" encoding="UTF-8"?>
<!-- Generated by org.testng.reporters.JUnitReportReporter -->
<testsuite skipped="0" hostname="DESKTOP-F5BRIJ9" name="com.test.RegisterTest" tests="1" failures="0" timestamp="10 Dec 2022 08:31:45 GMT" time="12.584" errors="0">
  <testcase name="RunCode" time="12.584" classname="com.test.RegisterTest"/>
</testsuite> <!-- com.test.RegisterTest -->
